<?xml version="1.0" encoding="UTF-8"?>
<!-- Generated by org.testng.reporters.JUnitXMLReporter -->
<testsuite hostname="Automata" ignored="0" name="Default test" tests="4" failures="0" timestamp="2022-02-27T12:53:47 EST" time="28.438" errors="0">
  <testcase name="errorMsgTest" time="8.796" classname="PageTests.UpsLoginPageTests"/>
  <testcase name="funTest1" time="0.001" classname="PageTests.UpsLoginPageTests"/>
  <testcase name="funTest2" time="0.001" classname="PageTests.UpsLoginPageTests"/>
  <testcase name="funTest3" time="0.001" classname="PageTests.UpsLoginPageTests"/>
</testsuite> <!-- Default test -->
